#
# There is insufficient memory for the Java Runtime Environment to continue.
# Native memory allocation (mmap) failed to map 53477376 bytes for Failed to commit area from 0x0000000714a00000 to 0x0000000717d00000 of length 53477376.
# Possible reasons:
#   The system is out of physical RAM or swap space
#   The process is running with CompressedOops enabled, and the Java Heap may be blocking the growth of the native heap
# Possible solutions:
#   Reduce memory load on the system
#   Increase physical memory or swap space
#   Check if swap backing store is full
#   Decrease Java heap size (-Xmx/-Xms)
#   Decrease number of Java threads
#   Decrease Java thread stack sizes (-Xss)
#   Set larger code cache with -XX:ReservedCodeCacheSize=
#   JVM is running with Zero Based Compressed Oops mode in which the Java heap is
#     placed in the first 32GB address space. The Java Heap base address is the
#     maximum limit for the native heap growth. Please use -XX:HeapBaseMinAddress
#     to set the Java Heap base and to place the Java Heap above 32GB virtual address.
# This output file may be truncated or incomplete.
#
#  Out of Memory Error (./src/hotspot/os/windows/os_windows.cpp:3311), pid=24164, tid=30500
#
# JRE version: OpenJDK Runtime Environment Corretto-11.0.13.8.1 (11.0.13+8) (build 11.0.13+8-LTS)
# Java VM: OpenJDK 64-Bit Server VM Corretto-11.0.13.8.1 (11.0.13+8-LTS, mixed mode, tiered, compressed oops, g1 gc, windows-amd64)
# No core dump will be written. Minidumps are not enabled by default on client versions of Windows
#

---------------  S U M M A R Y ------------

Command Line: -javaagent:C:\Program Files\JetBrains\IntelliJ IDEA Community Edition 2021.2.3\lib\idea_rt.jar=49984:C:\Program Files\JetBrains\IntelliJ IDEA Community Edition 2021.2.3\bin -Dfile.encoding=UTF-8 com.publicissapient.kpidashboard.microserviceapp.MicroserviceAppApplication

Host: 11th Gen Intel(R) Core(TM) i5-1145G7 @ 2.60GHz, 8 cores, 15G,  Windows 10 , 64 bit Build 19041 (10.0.19041.3031)
Time: Tue Oct 10 12:25:24 2023 India Standard Time elapsed time: 9.953869 seconds (0d 0h 0m 9s)

---------------  T H R E A D  ---------------

Current thread (0x0000028c43c87800):  VMThread "VM Thread" [stack: 0x0000009ac2b00000,0x0000009ac2c00000] [id=30500]

Stack: [0x0000009ac2b00000,0x0000009ac2c00000]
[error occurred during error reporting (printing stack bounds), id 0xc0000005, EXCEPTION_ACCESS_VIOLATION (0xc0000005) at pc=0x0000028c27fc12e7]

Native frames: (J=compiled Java code, j=interpreted, Vv=VM code, C=native code)
V  [jvm.dll+0x61ccaa]
V  [jvm.dll+0x7a9839]
V  [jvm.dll+0x7aaeff]
V  [jvm.dll+0x7ab535]
V  [jvm.dll+0x7ab4eb]
V  [jvm.dll+0x61c193]
V  [jvm.dll+0x61c8a8]
C  [ntdll.dll+0xa247f]
C  [ntdll.dll+0x514f4]
C  [ntdll.dll+0xa0f8e]
C  0x0000028c27fc12e7

VM_Operation (0x0000009ac3ff9900): G1CollectForAllocation, mode: safepoint, requested by thread 0x0000028c456a6000


---------------  P R O C E S S  ---------------

Threads class SMR info:
_java_thread_list=0x0000028c4c73aed0, length=24, elements={
0x0000028c1f8e6800, 0x0000028c43c88000, 0x0000028c43caa000, 0x0000028c43d03800,
0x0000028c43d06000, 0x0000028c43d0b000, 0x0000028c43d0d000, 0x0000028c43d19800,
0x0000028c43d32000, 0x0000028c43fa7800, 0x0000028c43e40000, 0x0000028c456cc800,
0x0000028c456a6000, 0x0000028c4687e800, 0x0000028c4564a800, 0x0000028c45eae000,
0x0000028c48cfd000, 0x0000028c4c2d1000, 0x0000028c4a797000, 0x0000028c4c476800,
0x0000028c4c474000, 0x0000028c4c477800, 0x0000028c4c472800, 0x0000028c4c475000
}

Java Threads: ( => current thread )
  0x0000028c1f8e6800 JavaThread "main" [_thread_blocked, id=17708, stack(0x0000009ac2400000,0x0000009ac2500000)]
  0x0000028c43c88000 JavaThread "Reference Handler" daemon [_thread_blocked, id=31200, stack(0x0000009ac2c00000,0x0000009ac2d00000)]
  0x0000028c43caa000 JavaThread "Finalizer" daemon [_thread_blocked, id=16584, stack(0x0000009ac2d00000,0x0000009ac2e00000)]
  0x0000028c43d03800 JavaThread "Signal Dispatcher" daemon [_thread_blocked, id=21816, stack(0x0000009ac2e00000,0x0000009ac2f00000)]
  0x0000028c43d06000 JavaThread "Attach Listener" daemon [_thread_blocked, id=37956, stack(0x0000009ac2f00000,0x0000009ac3000000)]
  0x0000028c43d0b000 JavaThread "Service Thread" daemon [_thread_blocked, id=34456, stack(0x0000009ac3000000,0x0000009ac3100000)]
  0x0000028c43d0d000 JavaThread "C2 CompilerThread0" daemon [_thread_blocked, id=36900, stack(0x0000009ac3100000,0x0000009ac3200000)]
  0x0000028c43d19800 JavaThread "C1 CompilerThread0" daemon [_thread_blocked, id=16856, stack(0x0000009ac3200000,0x0000009ac3300000)]
  0x0000028c43d32000 JavaThread "Sweeper thread" daemon [_thread_blocked, id=41812, stack(0x0000009ac3300000,0x0000009ac3400000)]
  0x0000028c43fa7800 JavaThread "Common-Cleaner" daemon [_thread_blocked, id=33384, stack(0x0000009ac3400000,0x0000009ac3500000)]
  0x0000028c43e40000 JavaThread "Monitor Ctrl-Break" daemon [_thread_in_native, id=37872, stack(0x0000009ac3600000,0x0000009ac3700000)]
  0x0000028c456cc800 JavaThread "Thread-0" [_thread_blocked, id=31108, stack(0x0000009ac3e00000,0x0000009ac3f00000)]
  0x0000028c456a6000 JavaThread "restartedMain" [_thread_blocked, id=30724, stack(0x0000009ac3f00000,0x0000009ac4000000)]
  0x0000028c4687e800 JavaThread "logback-appender-LOGSTASH-localhost:5000-2" daemon [_thread_blocked, id=35960, stack(0x0000009ac4100000,0x0000009ac4200000)]
  0x0000028c4564a800 JavaThread "logback-appender-LOGSTASH-localhost:5000-4" daemon [_thread_in_native, id=14248, stack(0x0000009ac4300000,0x0000009ac4400000)]
  0x0000028c45eae000 JavaThread "C2 CompilerThread1" daemon [_thread_blocked, id=38280, stack(0x0000009ac3d00000,0x0000009ac3e00000)]
  0x0000028c48cfd000 JavaThread "C2 CompilerThread2" daemon [_thread_blocked, id=2876, stack(0x0000009ac3500000,0x0000009ac3600000)]
  0x0000028c4c2d1000 JavaThread "Catalina-utility-1" [_thread_blocked, id=30292, stack(0x0000009ac4400000,0x0000009ac4500000)]
  0x0000028c4a797000 JavaThread "Catalina-utility-2" [_thread_blocked, id=34332, stack(0x0000009ac4500000,0x0000009ac4600000)]
  0x0000028c4c476800 JavaThread "container-0" [_thread_blocked, id=14372, stack(0x0000009ac4600000,0x0000009ac4700000)]
  0x0000028c4c474000 JavaThread "BufferPoolPruner-1-thread-1" daemon [_thread_blocked, id=39240, stack(0x0000009ac4900000,0x0000009ac4a00000)]
  0x0000028c4c477800 JavaThread "cluster-ClusterId{value='6524f55a39ac037375a46d35', description='null'}-localhost:27017" daemon [_thread_in_native, id=41968, stack(0x0000009ac4a00000,0x0000009ac4b00000)]
  0x0000028c4c472800 JavaThread "cluster-rtt-ClusterId{value='6524f55a39ac037375a46d35', description='null'}-localhost:27017" daemon [_thread_blocked, id=37528, stack(0x0000009ac4b00000,0x0000009ac4c00000)]
  0x0000028c4c475000 JavaThread "MaintenanceTimer-2-thread-1" daemon [_thread_blocked, id=6648, stack(0x0000009ac4c00000,0x0000009ac4d00000)]

Other Threads:
=>0x0000028c43c87800 VMThread "VM Thread" [stack: 0x0000009ac2b00000,0x0000009ac2c00000] [id=30500]
  0x0000028c447f7000 WatcherThread [stack: 0x0000009ac3700000,0x0000009ac3800000] [id=21904]
  0x0000028c1f8fe000 GCTaskThread "GC Thread#0" [stack: 0x0000009ac2600000,0x0000009ac2700000] [id=35316]
  0x0000028c450a0000 GCTaskThread "GC Thread#1" [stack: 0x0000009ac3800000,0x0000009ac3900000] [id=15548]
  0x0000028c450a0800 GCTaskThread "GC Thread#2" [stack: 0x0000009ac3900000,0x0000009ac3a00000] [id=34900]
  0x0000028c4544b000 GCTaskThread "GC Thread#3" [stack: 0x0000009ac3a00000,0x0000009ac3b00000] [id=37684]
  0x0000028c4544c000 GCTaskThread "GC Thread#4" [stack: 0x0000009ac3b00000,0x0000009ac3c00000] [id=36836]
  0x0000028c450bc000 GCTaskThread "GC Thread#5" [stack: 0x0000009ac3c00000,0x0000009ac3d00000] [id=22652]
  0x0000028c4c1c9000 GCTaskThread "GC Thread#6" [stack: 0x0000009ac4700000,0x0000009ac4800000] [id=41248]
  0x0000028c4a67e000 GCTaskThread "GC Thread#7" [stack: 0x0000009ac4800000,0x0000009ac4900000] [id=32864]
  0x0000028c1f957800 ConcurrentGCThread "G1 Main Marker" [stack: 0x0000009ac2700000,0x0000009ac2800000] [id=11836]
  0x0000028c1f959000 ConcurrentGCThread "G1 Conc#0" [stack: 0x0000009ac2800000,0x0000009ac2900000] [id=15008]
  0x0000028c4528d800 ConcurrentGCThread "G1 Conc#1" [stack: 0x0000009ac4000000,0x0000009ac4100000] [id=41852]
  0x0000028c42e9e000 ConcurrentGCThread "G1 Refine#0" [stack: 0x0000009ac2900000,0x0000009ac2a00000] [id=27308]
  0x0000028c42e9f000 ConcurrentGCThread "G1 Young RemSet Sampling" [stack: 0x0000009ac2a00000,0x0000009ac2b00000] [id=18220]

Threads with active compile tasks:
C2 CompilerThread0   9979 5806   !   4       org.springframework.util.ReflectionUtils::doWithMethods (207 bytes)
C2 CompilerThread1   9979 5250       4       org.springframework.core.annotation.TypeMappedAnnotations::get (52 bytes)
C2 CompilerThread2   9979 5764       4       org.springframework.core.annotation.TypeMappedAnnotations$MergedAnnotationFinder::doWithAnnotations (75 bytes)

VM state:at safepoint (normal execution)

VM Mutex/Monitor currently owned by a thread:  ([mutex/lock_event])
[0x0000028c1f8e38b0] Threads_lock - owner thread: 0x0000028c43c87800
[0x0000028c1f8e4480] Heap_lock - owner thread: 0x0000028c456a6000

Heap address: 0x0000000704e00000, size: 4018 MB, Compressed Oops mode: Zero based, Oop shift amount: 3
Narrow klass base: 0x0000000800000000, Narrow klass shift: 0
Compressed class space size: 1073741824 Address: 0x0000000800000000

Heap:
 garbage-first heap   total 310272K, used 33604K [0x0000000704e00000, 0x0000000800000000)
  region size 1024K, 10 young (10240K), 10 survivors (10240K)
 Metaspace       used 58058K, capacity 59870K, committed 60080K, reserved 1101824K
  class space    used 7126K, capacity 7875K, committed 7936K, reserved 1048576K
Heap Regions: E=young(eden), S=young(survivor), O=old, HS=humongous(starts), HC=humongous(continues), CS=collection set, F=free, A=archive, TAMS=top-at-mark-start (previous, next)
|   0|0x0000000704e00000, 0x0000000704f00000, 0x0000000704f00000|100%| O|  |TAMS 0x0000000704f00000, 0x0000000704e00000| Untracked 
|   1|0x0000000704f00000, 0x0000000705000000, 0x0000000705000000|100%| O|  |TAMS 0x0000000705000000, 0x0000000704f00000| Untracked 
|   2|0x0000000705000000, 0x0000000705100000, 0x0000000705100000|100%| O|  |TAMS 0x0000000705100000, 0x0000000705000000| Untracked 
|   3|0x0000000705100000, 0x0000000705200000, 0x0000000705200000|100%| O|  |TAMS 0x0000000705200000, 0x0000000705100000| Untracked 
|   4|0x0000000705200000, 0x0000000705300000, 0x0000000705300000|100%| O|  |TAMS 0x0000000705300000, 0x0000000705200000| Untracked 
|   5|0x0000000705300000, 0x0000000705400000, 0x0000000705400000|100%| O|  |TAMS 0x0000000705400000, 0x0000000705300000| Untracked 
|   6|0x0000000705400000, 0x0000000705500000, 0x0000000705500000|100%| O|  |TAMS 0x0000000705500000, 0x0000000705400000| Untracked 
|   7|0x0000000705500000, 0x0000000705600000, 0x0000000705600000|100%| O|  |TAMS 0x0000000705600000, 0x0000000705500000| Untracked 
|   8|0x0000000705600000, 0x0000000705700000, 0x0000000705700000|100%| O|  |TAMS 0x0000000705700000, 0x0000000705600000| Untracked 
|   9|0x0000000705700000, 0x0000000705800000, 0x0000000705800000|100%| O|  |TAMS 0x0000000705800000, 0x0000000705700000| Untracked 
|  10|0x0000000705800000, 0x0000000705900000, 0x0000000705900000|100%| O|  |TAMS 0x0000000705836200, 0x0000000705800000| Untracked 
|  11|0x0000000705900000, 0x0000000705a00000, 0x0000000705a00000|100%| O|  |TAMS 0x0000000705900000, 0x0000000705900000| Untracked 
|  12|0x0000000705a00000, 0x0000000705b00000, 0x0000000705b00000|100%| O|  |TAMS 0x0000000705a00000, 0x0000000705a00000| Untracked 
|  13|0x0000000705b00000, 0x0000000705c00000, 0x0000000705c00000|100%| O|  |TAMS 0x0000000705b00000, 0x0000000705b00000| Untracked 
|  14|0x0000000705c00000, 0x0000000705d00000, 0x0000000705d00000|100%| O|  |TAMS 0x0000000705c00000, 0x0000000705c00000| Untracked 
|  15|0x0000000705d00000, 0x0000000705e00000, 0x0000000705e00000|100%| O|  |TAMS 0x0000000705d00000, 0x0000000705d00000| Untracked 
|  16|0x0000000705e00000, 0x0000000705f00000, 0x0000000705f00000|100%| O|  |TAMS 0x0000000705e00000, 0x0000000705e00000| Untracked 
|  17|0x0000000705f00000, 0x0000000705fd1200, 0x0000000706000000| 81%| O|  |TAMS 0x0000000705f00000, 0x0000000705f00000| Untracked 
|  18|0x0000000706000000, 0x0000000706000000, 0x0000000706100000|  0%| F|  |TAMS 0x0000000706000000, 0x0000000706000000| Untracked 
|  19|0x0000000706100000, 0x0000000706100000, 0x0000000706200000|  0%| F|  |TAMS 0x0000000706100000, 0x0000000706100000| Untracked 
|  20|0x0000000706200000, 0x0000000706200000, 0x0000000706300000|  0%| F|  |TAMS 0x0000000706200000, 0x0000000706200000| Untracked 
|  21|0x0000000706300000, 0x0000000706400000, 0x0000000706400000|100%| O|  |TAMS 0x0000000706300000, 0x0000000706300000| Untracked 
|  22|0x0000000706400000, 0x0000000706500000, 0x0000000706500000|100%| O|  |TAMS 0x0000000706400000, 0x0000000706400000| Untracked 
|  23|0x0000000706500000, 0x0000000706600000, 0x0000000706600000|100%| O|  |TAMS 0x0000000706500000, 0x0000000706500000| Untracked 
|  24|0x0000000706600000, 0x0000000706700000, 0x0000000706700000|100%| O|  |TAMS 0x0000000706600000, 0x0000000706600000| Untracked 
|  25|0x0000000706700000, 0x0000000706800000, 0x0000000706800000|100%| O|  |TAMS 0x0000000706700000, 0x0000000706700000| Untracked 
|  26|0x0000000706800000, 0x0000000706800000, 0x0000000706900000|  0%| F|  |TAMS 0x0000000706800000, 0x0000000706800000| Untracked 
|  27|0x0000000706900000, 0x0000000706900000, 0x0000000706a00000|  0%| F|  |TAMS 0x0000000706900000, 0x0000000706900000| Untracked 
|  28|0x0000000706a00000, 0x0000000706a00000, 0x0000000706b00000|  0%| F|  |TAMS 0x0000000706a00000, 0x0000000706a00000| Untracked 
|  29|0x0000000706b00000, 0x0000000706b00000, 0x0000000706c00000|  0%| F|  |TAMS 0x0000000706b00000, 0x0000000706b00000| Untracked 
|  30|0x0000000706c00000, 0x0000000706c00000, 0x0000000706d00000|  0%| F|  |TAMS 0x0000000706c00000, 0x0000000706c00000| Untracked 
|  31|0x0000000706d00000, 0x0000000706d00000, 0x0000000706e00000|  0%| F|  |TAMS 0x0000000706d00000, 0x0000000706d00000| Untracked 
|  32|0x0000000706e00000, 0x0000000706e00000, 0x0000000706f00000|  0%| F|  |TAMS 0x0000000706e00000, 0x0000000706e00000| Untracked 
|  33|0x0000000706f00000, 0x0000000706f00000, 0x0000000707000000|  0%| F|  |TAMS 0x0000000706f00000, 0x0000000706f00000| Untracked 
|  34|0x0000000707000000, 0x0000000707000000, 0x0000000707100000|  0%| F|  |TAMS 0x0000000707000000, 0x0000000707000000| Untracked 
|  35|0x0000000707100000, 0x0000000707100000, 0x0000000707200000|  0%| F|  |TAMS 0x0000000707100000, 0x0000000707100000| Untracked 
|  36|0x0000000707200000, 0x0000000707200000, 0x0000000707300000|  0%| F|  |TAMS 0x0000000707200000, 0x0000000707200000| Untracked 
|  37|0x0000000707300000, 0x0000000707300000, 0x0000000707400000|  0%| F|  |TAMS 0x0000000707300000, 0x0000000707300000| Untracked 
|  38|0x0000000707400000, 0x0000000707400000, 0x0000000707500000|  0%| F|  |TAMS 0x0000000707400000, 0x0000000707400000| Untracked 
|  39|0x0000000707500000, 0x0000000707500000, 0x0000000707600000|  0%| F|  |TAMS 0x0000000707500000, 0x0000000707500000| Untracked 
|  40|0x0000000707600000, 0x0000000707600000, 0x0000000707700000|  0%| F|  |TAMS 0x0000000707600000, 0x0000000707600000| Untracked 
|  41|0x0000000707700000, 0x0000000707700000, 0x0000000707800000|  0%| F|  |TAMS 0x0000000707700000, 0x0000000707700000| Untracked 
|  42|0x0000000707800000, 0x0000000707800000, 0x0000000707900000|  0%| F|  |TAMS 0x0000000707800000, 0x0000000707800000| Untracked 
|  43|0x0000000707900000, 0x0000000707900000, 0x0000000707a00000|  0%| F|  |TAMS 0x0000000707900000, 0x0000000707900000| Untracked 
|  44|0x0000000707a00000, 0x0000000707a00000, 0x0000000707b00000|  0%| F|  |TAMS 0x0000000707a00000, 0x0000000707a00000| Untracked 
|  45|0x0000000707b00000, 0x0000000707b00000, 0x0000000707c00000|  0%| F|  |TAMS 0x0000000707b00000, 0x0000000707b00000| Untracked 
|  46|0x0000000707c00000, 0x0000000707c00000, 0x0000000707d00000|  0%| F|  |TAMS 0x0000000707c00000, 0x0000000707c00000| Untracked 
|  47|0x0000000707d00000, 0x0000000707d00000, 0x0000000707e00000|  0%| F|  |TAMS 0x0000000707d00000, 0x0000000707d00000| Untracked 
|  48|0x0000000707e00000, 0x0000000707e00000, 0x0000000707f00000|  0%| F|  |TAMS 0x0000000707e00000, 0x0000000707e00000| Untracked 
|  49|0x0000000707f00000, 0x0000000707f00000, 0x0000000708000000|  0%| F|  |TAMS 0x0000000707f00000, 0x0000000707f00000| Untracked 
|  50|0x0000000708000000, 0x0000000708000000, 0x0000000708100000|  0%| F|  |TAMS 0x0000000708000000, 0x0000000708000000| Untracked 
|  51|0x0000000708100000, 0x0000000708100000, 0x0000000708200000|  0%| F|  |TAMS 0x0000000708100000, 0x0000000708100000| Untracked 
|  52|0x0000000708200000, 0x0000000708200000, 0x0000000708300000|  0%| F|  |TAMS 0x0000000708200000, 0x0000000708200000| Untracked 
|  53|0x0000000708300000, 0x0000000708300000, 0x0000000708400000|  0%| F|  |TAMS 0x0000000708300000, 0x0000000708300000| Untracked 
|  54|0x0000000708400000, 0x0000000708400000, 0x0000000708500000|  0%| F|  |TAMS 0x0000000708400000, 0x0000000708400000| Untracked 
|  55|0x0000000708500000, 0x0000000708500000, 0x0000000708600000|  0%| F|  |TAMS 0x0000000708500000, 0x0000000708500000| Untracked 
|  56|0x0000000708600000, 0x0000000708600000, 0x0000000708700000|  0%| F|  |TAMS 0x0000000708600000, 0x0000000708600000| Untracked 
|  57|0x0000000708700000, 0x0000000708700000, 0x0000000708800000|  0%| F|  |TAMS 0x0000000708700000, 0x0000000708700000| Untracked 
|  58|0x0000000708800000, 0x0000000708800000, 0x0000000708900000|  0%| F|  |TAMS 0x0000000708800000, 0x0000000708800000| Untracked 
|  59|0x0000000708900000, 0x0000000708900000, 0x0000000708a00000|  0%| F|  |TAMS 0x0000000708900000, 0x0000000708900000| Untracked 
|  60|0x0000000708a00000, 0x0000000708a00000, 0x0000000708b00000|  0%| F|  |TAMS 0x0000000708a00000, 0x0000000708a00000| Untracked 
|  61|0x0000000708b00000, 0x0000000708b00000, 0x0000000708c00000|  0%| F|  |TAMS 0x0000000708b00000, 0x0000000708b00000| Untracked 
|  62|0x0000000708c00000, 0x0000000708c00000, 0x0000000708d00000|  0%| F|  |TAMS 0x0000000708c00000, 0x0000000708c00000| Untracked 
|  63|0x0000000708d00000, 0x0000000708d00000, 0x0000000708e00000|  0%| F|  |TAMS 0x0000000708d00000, 0x0000000708d00000| Untracked 
|  64|0x0000000708e00000, 0x0000000708e00000, 0x0000000708f00000|  0%| F|  |TAMS 0x0000000708e00000, 0x0000000708e00000| Untracked 
|  65|0x0000000708f00000, 0x0000000708f00000, 0x0000000709000000|  0%| F|  |TAMS 0x0000000708f00000, 0x0000000708f00000| Untracked 
|  66|0x0000000709000000, 0x0000000709000000, 0x0000000709100000|  0%| F|  |TAMS 0x0000000709000000, 0x0000000709000000| Untracked 
|  67|0x0000000709100000, 0x0000000709100000, 0x0000000709200000|  0%| F|  |TAMS 0x0000000709100000, 0x0000000709100000| Untracked 
|  68|0x0000000709200000, 0x0000000709200000, 0x0000000709300000|  0%| F|  |TAMS 0x0000000709200000, 0x0000000709200000| Untracked 
|  69|0x0000000709300000, 0x0000000709300000, 0x0000000709400000|  0%| F|  |TAMS 0x0000000709300000, 0x0000000709300000| Untracked 
|  70|0x0000000709400000, 0x0000000709400000, 0x0000000709500000|  0%| F|  |TAMS 0x0000000709400000, 0x0000000709400000| Untracked 
|  71|0x0000000709500000, 0x0000000709500000, 0x0000000709600000|  0%| F|  |TAMS 0x0000000709500000, 0x0000000709500000| Untracked 
|  72|0x0000000709600000, 0x0000000709600000, 0x0000000709700000|  0%| F|  |TAMS 0x0000000709600000, 0x0000000709600000| Untracked 
|  73|0x0000000709700000, 0x0000000709700000, 0x0000000709800000|  0%| F|  |TAMS 0x0000000709700000, 0x0000000709700000| Untracked 
|  74|0x0000000709800000, 0x0000000709800000, 0x0000000709900000|  0%| F|  |TAMS 0x0000000709800000, 0x0000000709800000| Untracked 
|  75|0x0000000709900000, 0x0000000709900000, 0x0000000709a00000|  0%| F|  |TAMS 0x0000000709900000, 0x0000000709900000| Untracked 
|  76|0x0000000709a00000, 0x0000000709a00000, 0x0000000709b00000|  0%| F|  |TAMS 0x0000000709a00000, 0x0000000709a00000| Untracked 
|  77|0x0000000709b00000, 0x0000000709b00000, 0x0000000709c00000|  0%| F|  |TAMS 0x0000000709b00000, 0x0000000709b00000| Untracked 
|  78|0x0000000709c00000, 0x0000000709c00000, 0x0000000709d00000|  0%| F|  |TAMS 0x0000000709c00000, 0x0000000709c00000| Untracked 
|  79|0x0000000709d00000, 0x0000000709d00000, 0x0000000709e00000|  0%| F|  |TAMS 0x0000000709d00000, 0x0000000709d00000| Untracked 
|  80|0x0000000709e00000, 0x0000000709e00000, 0x0000000709f00000|  0%| F|  |TAMS 0x0000000709e00000, 0x0000000709e00000| Untracked 
|  81|0x0000000709f00000, 0x0000000709f00000, 0x000000070a000000|  0%| F|  |TAMS 0x0000000709f00000, 0x0000000709f00000| Untracked 
|  82|0x000000070a000000, 0x000000070a000000, 0x000000070a100000|  0%| F|  |TAMS 0x000000070a000000, 0x000000070a000000| Untracked 
|  83|0x000000070a100000, 0x000000070a100000, 0x000000070a200000|  0%| F|  |TAMS 0x000000070a100000, 0x000000070a100000| Untracked 
|  84|0x000000070a200000, 0x000000070a200000, 0x000000070a300000|  0%| F|  |TAMS 0x000000070a200000, 0x000000070a200000| Untracked 
|  85|0x000000070a300000, 0x000000070a300000, 0x000000070a400000|  0%| F|  |TAMS 0x000000070a300000, 0x000000070a300000| Untracked 
|  86|0x000000070a400000, 0x000000070a400000, 0x000000070a500000|  0%| F|  |TAMS 0x000000070a400000, 0x000000070a400000| Untracked 
|  87|0x000000070a500000, 0x000000070a500000, 0x000000070a600000|  0%| F|  |TAMS 0x000000070a500000, 0x000000070a500000| Untracked 
|  88|0x000000070a600000, 0x000000070a600000, 0x000000070a700000|  0%| F|  |TAMS 0x000000070a600000, 0x000000070a600000| Untracked 
|  89|0x000000070a700000, 0x000000070a700000, 0x000000070a800000|  0%| F|  |TAMS 0x000000070a700000, 0x000000070a700000| Untracked 
|  90|0x000000070a800000, 0x000000070a800000, 0x000000070a900000|  0%| F|  |TAMS 0x000000070a800000, 0x000000070a800000| Untracked 
|  91|0x000000070a900000, 0x000000070aa00000, 0x000000070aa00000|100%| S|CS|TAMS 0x000000070a900000, 0x000000070a900000| Complete 
|  92|0x000000070aa00000, 0x000000070aa00000, 0x000000070ab00000|  0%| F|  |TAMS 0x000000070aa00000, 0x000000070aa00000| Untracked 
|  93|0x000000070ab00000, 0x000000070ab00000, 0x000000070ac00000|  0%| F|  |TAMS 0x000000070ab00000, 0x000000070ab00000| Untracked 
|  94|0x000000070ac00000, 0x000000070ac00000, 0x000000070ad00000|  0%| F|  |TAMS 0x000000070ac00000, 0x000000070ac00000| Untracked 
|  95|0x000000070ad00000, 0x000000070ad00000, 0x000000070ae00000|  0%| F|  |TAMS 0x000000070ad00000, 0x000000070ad00000| Untracked 
|  96|0x000000070ae00000, 0x000000070ae00000, 0x000000070af00000|  0%| F|  |TAMS 0x000000070ae00000, 0x000000070ae00000| Untracked 
|  97|0x000000070af00000, 0x000000070af00000, 0x000000070b000000|  0%| F|  |TAMS 0x000000070af00000, 0x000000070af00000| Untracked 
|  98|0x000000070b000000, 0x000000070b000000, 0x000000070b100000|  0%| F|  |TAMS 0x000000070b000000, 0x000000070b000000| Untracked 
|  99|0x000000070b100000, 0x000000070b100000, 0x000000070b200000|  0%| F|  |TAMS 0x000000070b100000, 0x000000070b100000| Untracked 
| 100|0x000000070b200000, 0x000000070b200000, 0x000000070b300000|  0%| F|  |TAMS 0x000000070b200000, 0x000000070b200000| Untracked 
| 101|0x000000070b300000, 0x000000070b300000, 0x000000070b400000|  0%| F|  |TAMS 0x000000070b300000, 0x000000070b300000| Untracked 
| 102|0x000000070b400000, 0x000000070b400000, 0x000000070b500000|  0%| F|  |TAMS 0x000000070b400000, 0x000000070b400000| Untracked 
| 103|0x000000070b500000, 0x000000070b500000, 0x000000070b600000|  0%| F|  |TAMS 0x000000070b500000, 0x000000070b500000| Untracked 
| 104|0x000000070b600000, 0x000000070b700000, 0x000000070b700000|100%| S|CS|TAMS 0x000000070b600000, 0x000000070b600000| Complete 
| 105|0x000000070b700000, 0x000000070b800000, 0x000000070b800000|100%| S|CS|TAMS 0x000000070b700000, 0x000000070b700000| Complete 
| 106|0x000000070b800000, 0x000000070b900000, 0x000000070b900000|100%| S|CS|TAMS 0x000000070b800000, 0x000000070b800000| Complete 
| 107|0x000000070b900000, 0x000000070ba00000, 0x000000070ba00000|100%| S|CS|TAMS 0x000000070b900000, 0x000000070b900000| Complete 
| 108|0x000000070ba00000, 0x000000070bb00000, 0x000000070bb00000|100%| S|CS|TAMS 0x000000070ba00000, 0x000000070ba00000| Complete 
| 109|0x000000070bb00000, 0x000000070bc00000, 0x000000070bc00000|100%| S|CS|TAMS 0x000000070bb00000, 0x000000070bb00000| Complete 
| 110|0x000000070bc00000, 0x000000070bd00000, 0x000000070bd00000|100%| S|CS|TAMS 0x000000070bc00000, 0x000000070bc00000| Complete 
| 111|0x000000070bd00000, 0x000000070be00000, 0x000000070be00000|100%| S|CS|TAMS 0x000000070bd00000, 0x000000070bd00000| Complete 
| 112|0x000000070be00000, 0x000000070bf00000, 0x000000070bf00000|100%| S|CS|TAMS 0x000000070be00000, 0x000000070be00000| Complete 
| 113|0x000000070bf00000, 0x000000070bf00000, 0x000000070c000000|  0%| F|  |TAMS 0x000000070bf00000, 0x000000070bf00000| Untracked 
| 114|0x000000070c000000, 0x000000070c000000, 0x000000070c100000|  0%| F|  |TAMS 0x000000070c000000, 0x000000070c000000| Untracked 
| 115|0x000000070c100000, 0x000000070c100000, 0x000000070c200000|  0%| F|  |TAMS 0x000000070c100000, 0x000000070c100000| Untracked 
| 116|0x000000070c200000, 0x000000070c200000, 0x000000070c300000|  0%| F|  |TAMS 0x000000070c200000, 0x000000070c200000| Untracked 
| 117|0x000000070c300000, 0x000000070c300000, 0x000000070c400000|  0%| F|  |TAMS 0x000000070c300000, 0x000000070c300000| Untracked 
| 118|0x000000070c400000, 0x000000070c400000, 0x000000070c500000|  0%| F|  |TAMS 0x000000070c400000, 0x000000070c400000| Untracked 
| 119|0x000000070c500000, 0x000000070c500000, 0x000000070c600000|  0%| F|  |TAMS 0x000000070c500000, 0x000000070c500000| Untracked 
| 120|0x000000070c600000, 0x000000070c600000, 0x000000070c700000|  0%| F|  |TAMS 0x000000070c600000, 0x000000070c600000| Untracked 
| 121|0x000000070c700000, 0x000000070c700000, 0x000000070c800000|  0%| F|  |TAMS 0x000000070c700000, 0x000000070c700000| Untracked 
| 122|0x000000070c800000, 0x000000070c800000, 0x000000070c900000|  0%| F|  |TAMS 0x000000070c800000, 0x000000070c800000| Untracked 
| 123|0x000000070c900000, 0x000000070c900000, 0x000000070ca00000|  0%| F|  |TAMS 0x000000070c900000, 0x000000070c900000| Untracked 
| 124|0x000000070ca00000, 0x000000070ca00000, 0x000000070cb00000|  0%| F|  |TAMS 0x000000070ca00000, 0x000000070ca00000| Untracked 
| 125|0x000000070cb00000, 0x000000070cb00000, 0x000000070cc00000|  0%| F|  |TAMS 0x000000070cb00000, 0x000000070cb00000| Untracked 
| 126|0x000000070cc00000, 0x000000070cc00000, 0x000000070cd00000|  0%| F|  |TAMS 0x000000070cc00000, 0x000000070cc00000| Untracked 
| 127|0x000000070cd00000, 0x000000070cd00000, 0x000000070ce00000|  0%| F|  |TAMS 0x000000070cd00000, 0x000000070cd00000| Untracked 
| 128|0x000000070ce00000, 0x000000070ce00000, 0x000000070cf00000|  0%| F|  |TAMS 0x000000070ce00000, 0x000000070ce00000| Untracked 
| 129|0x000000070cf00000, 0x000000070cf00000, 0x000000070d000000|  0%| F|  |TAMS 0x000000070cf00000, 0x000000070cf00000| Untracked 
| 130|0x000000070d000000, 0x000000070d000000, 0x000000070d100000|  0%| F|  |TAMS 0x000000070d000000, 0x000000070d000000| Untracked 
| 131|0x000000070d100000, 0x000000070d100000, 0x000000070d200000|  0%| F|  |TAMS 0x000000070d100000, 0x000000070d100000| Untracked 
| 132|0x000000070d200000, 0x000000070d200000, 0x000000070d300000|  0%| F|  |TAMS 0x000000070d200000, 0x000000070d200000| Untracked 
| 133|0x000000070d300000, 0x000000070d300000, 0x000000070d400000|  0%| F|  |TAMS 0x000000070d300000, 0x000000070d300000| Untracked 
| 134|0x000000070d400000, 0x000000070d400000, 0x000000070d500000|  0%| F|  |TAMS 0x000000070d400000, 0x000000070d400000| Untracked 
| 135|0x000000070d500000, 0x000000070d500000, 0x000000070d600000|  0%| F|  |TAMS 0x000000070d500000, 0x000000070d500000| Untracked 
| 136|0x000000070d600000, 0x000000070d600000, 0x000000070d700000|  0%| F|  |TAMS 0x000000070d600000, 0x000000070d600000| Untracked 
| 137|0x000000070d700000, 0x000000070d700000, 0x000000070d800000|  0%| F|  |TAMS 0x000000070d700000, 0x000000070d700000| Untracked 
| 138|0x000000070d800000, 0x000000070d800000, 0x000000070d900000|  0%| F|  |TAMS 0x000000070d800000, 0x000000070d800000| Untracked 
| 139|0x000000070d900000, 0x000000070d900000, 0x000000070da00000|  0%| F|  |TAMS 0x000000070d900000, 0x000000070d900000| Untracked 
| 140|0x000000070da00000, 0x000000070da00000, 0x000000070db00000|  0%| F|  |TAMS 0x000000070da00000, 0x000000070da00000| Untracked 
| 141|0x000000070db00000, 0x000000070db00000, 0x000000070dc00000|  0%| F|  |TAMS 0x000000070db00000, 0x000000070db00000| Untracked 
| 142|0x000000070dc00000, 0x000000070dc00000, 0x000000070dd00000|  0%| F|  |TAMS 0x000000070dc00000, 0x000000070dc00000| Untracked 
| 143|0x000000070dd00000, 0x000000070dd00000, 0x000000070de00000|  0%| F|  |TAMS 0x000000070dd00000, 0x000000070dd00000| Untracked 
| 144|0x000000070de00000, 0x000000070de00000, 0x000000070df00000|  0%| F|  |TAMS 0x000000070de00000, 0x000000070de00000| Untracked 
| 145|0x000000070df00000, 0x000000070df00000, 0x000000070e000000|  0%| F|  |TAMS 0x000000070df00000, 0x000000070df00000| Untracked 
| 146|0x000000070e000000, 0x000000070e000000, 0x000000070e100000|  0%| F|  |TAMS 0x000000070e000000, 0x000000070e000000| Untracked 
| 147|0x000000070e100000, 0x000000070e100000, 0x000000070e200000|  0%| F|  |TAMS 0x000000070e100000, 0x000000070e100000| Untracked 
| 148|0x000000070e200000, 0x000000070e200000, 0x000000070e300000|  0%| F|  |TAMS 0x000000070e200000, 0x000000070e200000| Untracked 
| 149|0x000000070e300000, 0x000000070e300000, 0x000000070e400000|  0%| F|  |TAMS 0x000000070e300000, 0x000000070e300000| Untracked 
| 150|0x000000070e400000, 0x000000070e400000, 0x000000070e500000|  0%| F|  |TAMS 0x000000070e400000, 0x000000070e400000| Untracked 
| 151|0x000000070e500000, 0x000000070e500000, 0x000000070e600000|  0%| F|  |TAMS 0x000000070e500000, 0x000000070e500000| Untracked 
| 152|0x000000070e600000, 0x000000070e600000, 0x000000070e700000|  0%| F|  |TAMS 0x000000070e600000, 0x000000070e600000| Untracked 
| 153|0x000000070e700000, 0x000000070e700000, 0x000000070e800000|  0%| F|  |TAMS 0x000000070e700000, 0x000000070e700000| Untracked 
| 154|0x000000070e800000, 0x000000070e800000, 0x000000070e900000|  0%| F|  |TAMS 0x000000070e800000, 0x000000070e800000| Untracked 
| 155|0x000000070e900000, 0x000000070e900000, 0x000000070ea00000|  0%| F|  |TAMS 0x000000070e900000, 0x000000070e900000| Untracked 
| 156|0x000000070ea00000, 0x000000070ea00000, 0x000000070eb00000|  0%| F|  |TAMS 0x000000070ea00000, 0x000000070ea00000| Untracked 
| 157|0x000000070eb00000, 0x000000070eb00000, 0x000000070ec00000|  0%| F|  |TAMS 0x000000070eb00000, 0x000000070eb00000| Untracked 
| 158|0x000000070ec00000, 0x000000070ec00000, 0x000000070ed00000|  0%| F|  |TAMS 0x000000070ec00000, 0x000000070ec00000| Untracked 
| 159|0x000000070ed00000, 0x000000070ed00000, 0x000000070ee00000|  0%| F|  |TAMS 0x000000070ed00000, 0x000000070ed00000| Untracked 
| 160|0x000000070ee00000, 0x000000070ee00000, 0x000000070ef00000|  0%| F|  |TAMS 0x000000070ee00000, 0x000000070ee00000| Untracked 
| 161|0x000000070ef00000, 0x000000070ef00000, 0x000000070f000000|  0%| F|  |TAMS 0x000000070ef00000, 0x000000070ef00000| Untracked 
| 162|0x000000070f000000, 0x000000070f000000, 0x000000070f100000|  0%| F|  |TAMS 0x000000070f000000, 0x000000070f000000| Untracked 
| 163|0x000000070f100000, 0x000000070f100000, 0x000000070f200000|  0%| F|  |TAMS 0x000000070f100000, 0x000000070f100000| Untracked 
| 164|0x000000070f200000, 0x000000070f200000, 0x000000070f300000|  0%| F|  |TAMS 0x000000070f200000, 0x000000070f200000| Untracked 
| 165|0x000000070f300000, 0x000000070f300000, 0x000000070f400000|  0%| F|  |TAMS 0x000000070f300000, 0x000000070f300000| Untracked 
| 166|0x000000070f400000, 0x000000070f400000, 0x000000070f500000|  0%| F|  |TAMS 0x000000070f400000, 0x000000070f400000| Untracked 
| 167|0x000000070f500000, 0x000000070f500000, 0x000000070f600000|  0%| F|  |TAMS 0x000000070f500000, 0x000000070f500000| Untracked 
| 168|0x000000070f600000, 0x000000070f600000, 0x000000070f700000|  0%| F|  |TAMS 0x000000070f600000, 0x000000070f600000| Untracked 
| 169|0x000000070f700000, 0x000000070f700000, 0x000000070f800000|  0%| F|  |TAMS 0x000000070f700000, 0x000000070f700000| Untracked 
| 170|0x000000070f800000, 0x000000070f800000, 0x000000070f900000|  0%| F|  |TAMS 0x000000070f800000, 0x000000070f800000| Untracked 
| 171|0x000000070f900000, 0x000000070f900000, 0x000000070fa00000|  0%| F|  |TAMS 0x000000070f900000, 0x000000070f900000| Untracked 
| 172|0x000000070fa00000, 0x000000070fa00000, 0x000000070fb00000|  0%| F|  |TAMS 0x000000070fa00000, 0x000000070fa00000| Untracked 
| 173|0x000000070fb00000, 0x000000070fb00000, 0x000000070fc00000|  0%| F|  |TAMS 0x000000070fb00000, 0x000000070fb00000| Untracked 
| 174|0x000000070fc00000, 0x000000070fc00000, 0x000000070fd00000|  0%| F|  |TAMS 0x000000070fc00000, 0x000000070fc00000| Untracked 
| 175|0x000000070fd00000, 0x000000070fd00000, 0x000000070fe00000|  0%| F|  |TAMS 0x000000070fd00000, 0x000000070fd00000| Untracked 
| 176|0x000000070fe00000, 0x000000070fe00000, 0x000000070ff00000|  0%| F|  |TAMS 0x000000070fe00000, 0x000000070fe00000| Untracked 
| 177|0x000000070ff00000, 0x000000070ff00000, 0x0000000710000000|  0%| F|  |TAMS 0x000000070ff00000, 0x000000070ff00000| Untracked 
| 178|0x0000000710000000, 0x0000000710000000, 0x0000000710100000|  0%| F|  |TAMS 0x0000000710000000, 0x0000000710000000| Untracked 
| 179|0x0000000710100000, 0x0000000710100000, 0x0000000710200000|  0%| F|  |TAMS 0x0000000710100000, 0x0000000710100000| Untracked 
| 180|0x0000000710200000, 0x0000000710200000, 0x0000000710300000|  0%| F|  |TAMS 0x0000000710200000, 0x0000000710200000| Untracked 
| 181|0x0000000710300000, 0x0000000710300000, 0x0000000710400000|  0%| F|  |TAMS 0x0000000710300000, 0x0000000710300000| Untracked 
| 182|0x0000000710400000, 0x0000000710400000, 0x0000000710500000|  0%| F|  |TAMS 0x0000000710400000, 0x0000000710400000| Untracked 
| 183|0x0000000710500000, 0x0000000710500000, 0x0000000710600000|  0%| F|  |TAMS 0x0000000710500000, 0x0000000710500000| Untracked 
| 184|0x0000000710600000, 0x0000000710600000, 0x0000000710700000|  0%| F|  |TAMS 0x0000000710600000, 0x0000000710600000| Untracked 
| 185|0x0000000710700000, 0x0000000710700000, 0x0000000710800000|  0%| F|  |TAMS 0x0000000710700000, 0x0000000710700000| Untracked 
| 186|0x0000000710800000, 0x0000000710800000, 0x0000000710900000|  0%| F|  |TAMS 0x0000000710800000, 0x0000000710800000| Untracked 
| 187|0x0000000710900000, 0x0000000710900000, 0x0000000710a00000|  0%| F|  |TAMS 0x0000000710900000, 0x0000000710900000| Untracked 
| 188|0x0000000710a00000, 0x0000000710a00000, 0x0000000710b00000|  0%| F|  |TAMS 0x0000000710a00000, 0x0000000710a00000| Untracked 
| 189|0x0000000710b00000, 0x0000000710b00000, 0x0000000710c00000|  0%| F|  |TAMS 0x0000000710b00000, 0x0000000710b00000| Untracked 
| 190|0x0000000710c00000, 0x0000000710c00000, 0x0000000710d00000|  0%| F|  |TAMS 0x0000000710c00000, 0x0000000710c00000| Untracked 
| 191|0x0000000710d00000, 0x0000000710d00000, 0x0000000710e00000|  0%| F|  |TAMS 0x0000000710d00000, 0x0000000710d00000| Untracked 
| 192|0x0000000710e00000, 0x0000000710e00000, 0x0000000710f00000|  0%| F|  |TAMS 0x0000000710e00000, 0x0000000710e00000| Untracked 
| 193|0x0000000710f00000, 0x0000000710f00000, 0x0000000711000000|  0%| F|  |TAMS 0x0000000710f00000, 0x0000000710f00000| Untracked 
| 194|0x0000000711000000, 0x0000000711000000, 0x0000000711100000|  0%| F|  |TAMS 0x0000000711000000, 0x0000000711000000| Untracked 
| 195|0x0000000711100000, 0x0000000711100000, 0x0000000711200000|  0%| F|  |TAMS 0x0000000711100000, 0x0000000711100000| Untracked 
| 196|0x0000000711200000, 0x0000000711200000, 0x0000000711300000|  0%| F|  |TAMS 0x0000000711200000, 0x0000000711200000| Untracked 
| 197|0x0000000711300000, 0x0000000711300000, 0x0000000711400000|  0%| F|  |TAMS 0x0000000711300000, 0x0000000711300000| Untracked 
| 198|0x0000000711400000, 0x0000000711400000, 0x0000000711500000|  0%| F|  |TAMS 0x0000000711400000, 0x0000000711400000| Untracked 
| 199|0x0000000711500000, 0x0000000711500000, 0x0000000711600000|  0%| F|  |TAMS 0x0000000711500000, 0x0000000711500000| Untracked 
| 200|0x0000000711600000, 0x0000000711600000, 0x0000000711700000|  0%| F|  |TAMS 0x0000000711600000, 0x0000000711600000| Untracked 
| 201|0x0000000711700000, 0x0000000711700000, 0x0000000711800000|  0%| F|  |TAMS 0x0000000711700000, 0x0000000711700000| Untracked 
| 202|0x0000000711800000, 0x0000000711800000, 0x0000000711900000|  0%| F|  |TAMS 0x0000000711800000, 0x0000000711800000| Untracked 
| 203|0x0000000711900000, 0x0000000711900000, 0x0000000711a00000|  0%| F|  |TAMS 0x0000000711900000, 0x0000000711900000| Untracked 
| 204|0x0000000711a00000, 0x0000000711a00000, 0x0000000711b00000|  0%| F|  |TAMS 0x0000000711a00000, 0x0000000711a00000| Untracked 
| 205|0x0000000711b00000, 0x0000000711b00000, 0x0000000711c00000|  0%| F|  |TAMS 0x0000000711b00000, 0x0000000711b00000| Untracked 
| 206|0x0000000711c00000, 0x0000000711c00000, 0x0000000711d00000|  0%| F|  |TAMS 0x0000000711c00000, 0x0000000711c00000| Untracked 
| 207|0x0000000711d00000, 0x0000000711d00000, 0x0000000711e00000|  0%| F|  |TAMS 0x0000000711d00000, 0x0000000711d00000| Untracked 
| 208|0x0000000711e00000, 0x0000000711e00000, 0x0000000711f00000|  0%| F|  |TAMS 0x0000000711e00000, 0x0000000711e00000| Untracked 
| 209|0x0000000711f00000, 0x0000000711f00000, 0x0000000712000000|  0%| F|  |TAMS 0x0000000711f00000, 0x0000000711f00000| Untracked 
| 210|0x0000000712000000, 0x0000000712000000, 0x0000000712100000|  0%| F|  |TAMS 0x0000000712000000, 0x0000000712000000| Untracked 
| 211|0x0000000712100000, 0x0000000712100000, 0x0000000712200000|  0%| F|  |TAMS 0x0000000712100000, 0x0000000712100000| Untracked 
| 212|0x0000000712200000, 0x0000000712200000, 0x0000000712300000|  0%| F|  |TAMS 0x0000000712200000, 0x0000000712200000| Untracked 
| 213|0x0000000712300000, 0x0000000712300000, 0x0000000712400000|  0%| F|  |TAMS 0x0000000712300000, 0x0000000712300000| Untracked 
| 214|0x0000000712400000, 0x0000000712400000, 0x0000000712500000|  0%| F|  |TAMS 0x0000000712400000, 0x0000000712400000| Untracked 
| 215|0x0000000712500000, 0x0000000712500000, 0x0000000712600000|  0%| F|  |TAMS 0x0000000712500000, 0x0000000712500000| Untracked 
| 216|0x0000000712600000, 0x0000000712600000, 0x0000000712700000|  0%| F|  |TAMS 0x0000000712600000, 0x0000000712600000| Untracked 
| 217|0x0000000712700000, 0x0000000712700000, 0x0000000712800000|  0%| F|  |TAMS 0x0000000712700000, 0x0000000712700000| Untracked 
| 218|0x0000000712800000, 0x0000000712800000, 0x0000000712900000|  0%| F|  |TAMS 0x0000000712800000, 0x0000000712800000| Untracked 
| 219|0x0000000712900000, 0x0000000712900000, 0x0000000712a00000|  0%| F|  |TAMS 0x0000000712900000, 0x0000000712900000| Untracked 
| 220|0x0000000712a00000, 0x0000000712a00000, 0x0000000712b00000|  0%| F|  |TAMS 0x0000000712a00000, 0x0000000712a00000| Untracked 
| 221|0x0000000712b00000, 0x0000000712b00000, 0x0000000712c00000|  0%| F|  |TAMS 0x0000000712b00000, 0x0000000712b00000| Untracked 
| 222|0x0000000712c00000, 0x0000000712c00000, 0x0000000712d00000|  0%| F|  |TAMS 0x0000000712c00000, 0x0000000712c00000| Untracked 
| 223|0x0000000712d00000, 0x0000000712d00000, 0x0000000712e00000|  0%| F|  |TAMS 0x0000000712d00000, 0x0000000712d00000| Untracked 
| 224|0x0000000712e00000, 0x0000000712e00000, 0x0000000712f00000|  0%| F|  |TAMS 0x0000000712e00000, 0x0000000712e00000| Untracked 
| 225|0x0000000712f00000, 0x0000000712f00000, 0x0000000713000000|  0%| F|  |TAMS 0x0000000712f00000, 0x0000000712f00000| Untracked 
| 226|0x0000000713000000, 0x0000000713000000, 0x0000000713100000|  0%| F|  |TAMS 0x0000000713000000, 0x0000000713000000| Untracked 
| 227|0x0000000713100000, 0x0000000713100000, 0x0000000713200000|  0%| F|  |TAMS 0x0000000713100000, 0x0000000713100000| Untracked 
| 228|0x0000000713200000, 0x0000000713200000, 0x0000000713300000|  0%| F|  |TAMS 0x0000000713200000, 0x0000000713200000| Untracked 
| 229|0x0000000713300000, 0x0000000713300000, 0x0000000713400000|  0%| F|  |TAMS 0x0000000713300000, 0x0000000713300000| Untracked 
| 230|0x0000000713400000, 0x0000000713400000, 0x0000000713500000|  0%| F|  |TAMS 0x0000000713400000, 0x0000000713400000| Untracked 
| 231|0x0000000713500000, 0x0000000713500000, 0x0000000713600000|  0%| F|  |TAMS 0x0000000713500000, 0x0000000713500000| Untracked 
| 232|0x0000000713600000, 0x0000000713600000, 0x0000000713700000|  0%| F|  |TAMS 0x0000000713600000, 0x0000000713600000| Untracked 
| 233|0x0000000713700000, 0x0000000713700000, 0x0000000713800000|  0%| F|  |TAMS 0x0000000713700000, 0x0000000713700000| Untracked 
| 234|0x0000000713800000, 0x0000000713800000, 0x0000000713900000|  0%| F|  |TAMS 0x0000000713800000, 0x0000000713800000| Untracked 
| 235|0x0000000713900000, 0x0000000713900000, 0x0000000713a00000|  0%| F|  |TAMS 0x0000000713900000, 0x0000000713900000| Untracked 
| 236|0x0000000713a00000, 0x0000000713a00000, 0x0000000713b00000|  0%| F|  |TAMS 0x0000000713a00000, 0x0000000713a00000| Untracked 
| 237|0x0000000713b00000, 0x0000000713b00000, 0x0000000713c00000|  0%| F|  |TAMS 0x0000000713b00000, 0x0000000713b00000| Untracked 
| 238|0x0000000713c00000, 0x0000000713c00000, 0x0000000713d00000|  0%| F|  |TAMS 0x0000000713c00000, 0x0000000713c00000| Untracked 
| 239|0x0000000713d00000, 0x0000000713d00000, 0x0000000713e00000|  0%| F|  |TAMS 0x0000000713d00000, 0x0000000713d00000| Untracked 
| 240|0x0000000713e00000, 0x0000000713e00000, 0x0000000713f00000|  0%| F|  |TAMS 0x0000000713e00000, 0x0000000713e00000| Untracked 
| 241|0x0000000713f00000, 0x0000000713f00000, 0x0000000714000000|  0%| F|  |TAMS 0x0000000713f00000, 0x0000000713f00000| Untracked 
| 242|0x0000000714000000, 0x0000000714000000, 0x0000000714100000|  0%| F|  |TAMS 0x0000000714000000, 0x0000000714000000| Untracked 
| 243|0x0000000714100000, 0x0000000714100000, 0x0000000714200000|  0%| F|  |TAMS 0x0000000714100000, 0x0000000714100000| Untracked 
| 244|0x0000000714200000, 0x0000000714200000, 0x0000000714300000|  0%| F|  |TAMS 0x0000000714200000, 0x0000000714200000| Untracked 
| 245|0x0000000714300000, 0x0000000714300000, 0x0000000714400000|  0%| F|  |TAMS 0x0000000714300000, 0x0000000714300000| Untracked 
| 246|0x0000000714400000, 0x0000000714400000, 0x0000000714500000|  0%| F|  |TAMS 0x0000000714400000, 0x0000000714400000| Untracked 
| 247|0x0000000714500000, 0x0000000714500000, 0x0000000714600000|  0%| F|  |TAMS 0x0000000714500000, 0x0000000714500000| Untracked 
| 248|0x0000000714600000, 0x0000000714600000, 0x0000000714700000|  0%| F|  |TAMS 0x0000000714600000, 0x0000000714600000| Untracked 
| 249|0x0000000714700000, 0x0000000714700000, 0x0000000714800000|  0%| F|  |TAMS 0x0000000714700000, 0x0000000714700000| Untracked 
| 250|0x0000000714800000, 0x0000000714800000, 0x0000000714900000|  0%| F|  |TAMS 0x0000000714800000, 0x0000000714800000| Untracked 
| 251|0x0000000714900000, 0x0000000714900000, 0x0000000714a00000|  0%| F|  |TAMS 0x0000000714900000, 0x0000000714900000| Untracked 

Card table byte_map: [0x0000028c37ae0000,0x0000028c382c0000] _byte_map_base: 0x0000028c342b9000

Marking Bits (Prev, Next): (CMBitMap*) 0x0000028c1f947218, (CMBitMap*) 0x0000028c1f947250
 Prev Bits: [0x0000028c38aa0000, 0x0000028c3c968000)
 Next Bits: [0x0000028c3c970000, 0x0000028c40838000)

Polling page: 0x0000028c1d750000

Metaspace:

Usage:
  Non-class:     50.78 MB capacity,    49.74 MB ( 98%) used,   847.52 KB (  2%) free+waste,   214.81 KB ( <1%) overhead. 
      Class:      7.69 MB capacity,     6.96 MB ( 90%) used,   645.90 KB (  8%) free+waste,   103.00 KB (  1%) overhead. 
       Both:     58.47 MB capacity,    56.70 MB ( 97%) used,     1.46 MB (  2%) free+waste,   317.81 KB ( <1%) overhead. 

Virtual space:
  Non-class space:       52.00 MB reserved,      50.92 MB ( 98%) committed 
      Class space:        1.00 GB reserved,       7.75 MB ( <1%) committed 
             Both:        1.05 GB reserved,      58.67 MB (  5%) committed 

Chunk freelists:
   Non-Class:  21.00 KB
       Class:  29.00 KB
        Both:  50.00 KB

MaxMetaspaceSize: 17179869184.00 GB
CompressedClassSpaceSize: 1.00 GB
Initial GC threshold: 20.80 MB
Current GC threshold: 58.88 MB
CDS: off

CodeHeap 'non-profiled nmethods': size=120000Kb used=4625Kb max_used=4625Kb free=115374Kb
 bounds [0x0000028c2fa90000, 0x0000028c2ff20000, 0x0000028c36fc0000]
CodeHeap 'profiled nmethods': size=120000Kb used=14012Kb max_used=14012Kb free=105987Kb
 bounds [0x0000028c28560000, 0x0000028c29310000, 0x0000028c2fa90000]
CodeHeap 'non-nmethods': size=5760Kb used=1270Kb max_used=1325Kb free=4489Kb
 bounds [0x0000028c27fc0000, 0x0000028c28230000, 0x0000028c28560000]
 total_blobs=6407 nmethods=5864 adapters=455
 compilation: enabled
              stopped_count=0, restarted_count=0
 full_count=0

Compilation events (20 events):
Event: 9.919 Thread 0x0000028c43d19800 5922       2       org.springframework.aop.aspectj.autoproxy.AspectJAwareAdvisorAutoProxyCreator::extendAdvisors (6 bytes)
Event: 9.919 Thread 0x0000028c43d19800 nmethod 5922 0x0000028c2930c990 code [0x0000028c2930cb40, 0x0000028c2930cc48]
Event: 9.919 Thread 0x0000028c43d19800 5923       2       org.springframework.aop.aspectj.AspectJProxyUtils::makeAdvisorChainAspectJCapableIfNecessary (82 bytes)
Event: 9.920 Thread 0x0000028c43d19800 nmethod 5923 0x0000028c2930cd10 code [0x0000028c2930cf20, 0x0000028c2930d248]
Event: 9.925 Thread 0x0000028c43d19800 5924       2       org.springframework.beans.factory.annotation.InitDestroyAnnotationBeanPostProcessor$1::invokeInitMethods (1 bytes)
Event: 9.926 Thread 0x0000028c43d19800 nmethod 5924 0x0000028c2930d410 code [0x0000028c2930d5c0, 0x0000028c2930d6b8]
Event: 9.926 Thread 0x0000028c43d19800 5925       2       org.springframework.cloud.sleuth.instrument.annotation.SleuthAdvisorConfig$AnnotationClassOrMethodOrArgsPointcut::getClassFilter (9 bytes)
Event: 9.926 Thread 0x0000028c43d19800 nmethod 5925 0x0000028c2930d790 code [0x0000028c2930d940, 0x0000028c2930daf8]
Event: 9.926 Thread 0x0000028c43d19800 5926       2       org.springframework.cloud.sleuth.instrument.annotation.SleuthAdvisorConfig$AnnotationClassOrMethodOrArgsPointcut$1::<init> (10 bytes)
Event: 9.926 Thread 0x0000028c43d19800 nmethod 5926 0x0000028c2930db90 code [0x0000028c2930dd40, 0x0000028c2930de98]
Event: 9.931 Thread 0x0000028c48cfd000 nmethod 5684 0x0000028c2ff04110 code [0x0000028c2ff04a80, 0x0000028c2ff0e8b0]
Event: 9.932 Thread 0x0000028c48cfd000 5764       4       org.springframework.core.annotation.TypeMappedAnnotations$MergedAnnotationFinder::doWithAnnotations (75 bytes)
Event: 9.933 Thread 0x0000028c43d19800 5927       2       org.springframework.aop.framework.autoproxy.AbstractAutoProxyCreator::postProcessBeforeInstantiation (149 bytes)
Event: 9.934 Thread 0x0000028c43d19800 nmethod 5927 0x0000028c2930df10 code [0x0000028c2930e160, 0x0000028c2930e648]
Event: 9.934 Thread 0x0000028c43d19800 5928       2       org.springframework.util.CollectionUtils::computeMapInitialCapacity (11 bytes)
Event: 9.934 Thread 0x0000028c43d19800 nmethod 5928 0x0000028c2930e990 code [0x0000028c2930eb80, 0x0000028c2930ecc8]
Event: 9.934 Thread 0x0000028c43d19800 5929       2       java.lang.Math::ceil (5 bytes)
Event: 9.934 Thread 0x0000028c43d19800 nmethod 5929 0x0000028c2930ed90 code [0x0000028c2930ef80, 0x0000028c2930f088]
Event: 9.934 Thread 0x0000028c43d19800 5930       1       org.springframework.beans.factory.support.ConstructorResolver$ConstructorDependencyDescriptor::setShortcut (6 bytes)
Event: 9.934 Thread 0x0000028c43d19800 nmethod 5930 0x0000028c2ff14110 code [0x0000028c2ff142c0, 0x0000028c2ff143d8]

GC Heap History (15 events):
Event: 0.559 GC heap before
{Heap before GC invocations=0 (full 0):
 garbage-first heap   total 258048K, used 24576K [0x0000000704e00000, 0x0000000800000000)
  region size 1024K, 24 young (24576K), 0 survivors (0K)
 Metaspace       used 10011K, capacity 10170K, committed 10240K, reserved 1058816K
  class space    used 903K, capacity 984K, committed 1024K, reserved 1048576K
}
Event: 0.562 GC heap after
{Heap after GC invocations=1 (full 0):
 garbage-first heap   total 258048K, used 7786K [0x0000000704e00000, 0x0000000800000000)
  region size 1024K, 3 young (3072K), 3 survivors (3072K)
 Metaspace       used 10011K, capacity 10170K, committed 10240K, reserved 1058816K
  class space    used 903K, capacity 984K, committed 1024K, reserved 1048576K
}
Event: 2.975 GC heap before
{Heap before GC invocations=1 (full 0):
 garbage-first heap   total 258048K, used 77418K [0x0000000704e00000, 0x0000000800000000)
  region size 1024K, 71 young (72704K), 3 survivors (3072K)
 Metaspace       used 20720K, capacity 21172K, committed 21296K, reserved 1069056K
  class space    used 2193K, capacity 2416K, committed 2432K, reserved 1048576K
}
Event: 2.988 GC heap after
{Heap after GC invocations=2 (full 0):
 garbage-first heap   total 258048K, used 10535K [0x0000000704e00000, 0x0000000800000000)
  region size 1024K, 6 young (6144K), 6 survivors (6144K)
 Metaspace       used 20720K, capacity 21172K, committed 21296K, reserved 1069056K
  class space    used 2193K, capacity 2416K, committed 2432K, reserved 1048576K
}
Event: 3.153 GC heap before
{Heap before GC invocations=3 (full 0):
 garbage-first heap   total 258048K, used 28967K [0x0000000704e00000, 0x0000000800000000)
  region size 1024K, 25 young (25600K), 6 survivors (6144K)
 Metaspace       used 23086K, capacity 23540K, committed 23856K, reserved 1071104K
  class space    used 2466K, capacity 2672K, committed 2688K, reserved 1048576K
}
Event: 3.157 GC heap after
{Heap after GC invocations=4 (full 0):
 garbage-first heap   total 258048K, used 11145K [0x0000000704e00000, 0x0000000800000000)
  region size 1024K, 1 young (1024K), 1 survivors (1024K)
 Metaspace       used 23086K, capacity 23540K, committed 23856K, reserved 1071104K
  class space    used 2466K, capacity 2672K, committed 2688K, reserved 1048576K
}
Event: 4.175 GC heap before
{Heap before GC invocations=4 (full 0):
 garbage-first heap   total 258048K, used 91017K [0x0000000704e00000, 0x0000000800000000)
  region size 1024K, 79 young (80896K), 1 survivors (1024K)
 Metaspace       used 30563K, capacity 31277K, committed 31536K, reserved 1077248K
  class space    used 3388K, capacity 3664K, committed 3712K, reserved 1048576K
}
Event: 4.179 GC heap after
{Heap after GC invocations=5 (full 0):
 garbage-first heap   total 258048K, used 14340K [0x0000000704e00000, 0x0000000800000000)
  region size 1024K, 4 young (4096K), 4 survivors (4096K)
 Metaspace       used 30563K, capacity 31277K, committed 31536K, reserved 1077248K
  class space    used 3388K, capacity 3664K, committed 3712K, reserved 1048576K
}
Event: 5.125 GC heap before
{Heap before GC invocations=5 (full 0):
 garbage-first heap   total 258048K, used 108548K [0x0000000704e00000, 0x0000000800000000)
  region size 1024K, 97 young (99328K), 4 survivors (4096K)
 Metaspace       used 35065K, capacity 35830K, committed 35920K, reserved 1081344K
  class space    used 4072K, capacity 4404K, committed 4480K, reserved 1048576K
}
Event: 5.134 GC heap after
{Heap after GC invocations=6 (full 0):
 garbage-first heap   total 258048K, used 16521K [0x0000000704e00000, 0x0000000800000000)
  region size 1024K, 6 young (6144K), 6 survivors (6144K)
 Metaspace       used 35065K, capacity 35830K, committed 35920K, reserved 1081344K
  class space    used 4072K, capacity 4404K, committed 4480K, reserved 1048576K
}
Event: 6.967 GC heap before
{Heap before GC invocations=7 (full 0):
 garbage-first heap   total 258048K, used 146569K [0x0000000704e00000, 0x0000000800000000)
  region size 1024K, 128 young (131072K), 6 survivors (6144K)
 Metaspace       used 46448K, capacity 47610K, committed 47920K, reserved 1091584K
  class space    used 5486K, capacity 5927K, committed 6016K, reserved 1048576K
}
Event: 6.976 GC heap after
{Heap after GC invocations=8 (full 0):
 garbage-first heap   total 258048K, used 27007K [0x0000000704e00000, 0x0000000800000000)
  region size 1024K, 14 young (14336K), 14 survivors (14336K)
 Metaspace       used 46448K, capacity 47610K, committed 47920K, reserved 1091584K
  class space    used 5486K, capacity 5927K, committed 6016K, reserved 1048576K
}
Event: 8.465 GC heap before
{Heap before GC invocations=8 (full 0):
 garbage-first heap   total 258048K, used 170367K [0x0000000704e00000, 0x0000000800000000)
  region size 1024K, 148 young (151552K), 14 survivors (14336K)
 Metaspace       used 50974K, capacity 52408K, committed 52528K, reserved 1095680K
  class space    used 6125K, capacity 6701K, committed 6784K, reserved 1048576K
}
Event: 8.504 GC heap after
{Heap after GC invocations=9 (full 0):
 garbage-first heap   total 258048K, used 28005K [0x0000000704e00000, 0x0000000800000000)
  region size 1024K, 12 young (12288K), 12 survivors (12288K)
 Metaspace       used 50974K, capacity 52408K, committed 52528K, reserved 1095680K
  class space    used 6125K, capacity 6701K, committed 6784K, reserved 1048576K
}
Event: 9.938 GC heap before
{Heap before GC invocations=9 (full 0):
 garbage-first heap   total 258048K, used 170341K [0x0000000704e00000, 0x0000000800000000)
  region size 1024K, 151 young (154624K), 12 survivors (12288K)
 Metaspace       used 58058K, capacity 59870K, committed 60080K, reserved 1101824K
  class space    used 7126K, capacity 7875K, committed 7936K, reserved 1048576K
}

Deoptimization events (20 events):
Event: 9.527 Thread 0x0000028c456a6000 Uncommon trap: trap_request=0xffffffde fr.pc=0x0000028c2fee07f4 relative=0x0000000000000134
Event: 9.527 Thread 0x0000028c456a6000 Uncommon trap: reason=class_check action=maybe_recompile pc=0x0000028c2fee07f4 method=java.lang.reflect.Method.equals(Ljava/lang/Object;)Z @ 5 c2
Event: 9.527 Thread 0x0000028c456a6000 DEOPT PACKING pc=0x0000028c2fee07f4 sp=0x0000009ac3ffd770
Event: 9.527 Thread 0x0000028c456a6000 DEOPT UNPACKING pc=0x0000028c27fc85af sp=0x0000009ac3ffd6f8 mode 2
Event: 9.528 Thread 0x0000028c456a6000 DEOPT PACKING pc=0x0000028c28fdc4fc sp=0x0000009ac3ffca80
Event: 9.528 Thread 0x0000028c456a6000 DEOPT UNPACKING pc=0x0000028c28009d0e sp=0x0000009ac3ffc020 mode 0
Event: 9.539 Thread 0x0000028c456a6000 Uncommon trap: trap_request=0xffffffc6 fr.pc=0x0000028c2fcbdf48 relative=0x00000000000002e8
Event: 9.539 Thread 0x0000028c456a6000 Uncommon trap: reason=bimorphic_or_optimized_type_check action=maybe_recompile pc=0x0000028c2fcbdf48 method=java.util.Collections$SetFromMap.contains(Ljava/lang/Object;)Z @ 5 c2
Event: 9.539 Thread 0x0000028c456a6000 DEOPT PACKING pc=0x0000028c2fcbdf48 sp=0x0000009ac3ffb320
Event: 9.539 Thread 0x0000028c456a6000 DEOPT UNPACKING pc=0x0000028c27fc85af sp=0x0000009ac3ffb2c8 mode 2
Event: 9.540 Thread 0x0000028c456a6000 Uncommon trap: trap_request=0xffffff4d fr.pc=0x0000028c2fc3d434 relative=0x0000000000000d54
Event: 9.540 Thread 0x0000028c456a6000 Uncommon trap: reason=unstable_if action=reinterpret pc=0x0000028c2fc3d434 method=sun.reflect.annotation.AnnotationInvocationHandler.invoke(Ljava/lang/Object;Ljava/lang/reflect/Method;[Ljava/lang/Object;)Ljava/lang/Object; @ 76 c2
Event: 9.540 Thread 0x0000028c456a6000 DEOPT PACKING pc=0x0000028c2fc3d434 sp=0x0000009ac3ffafb0
Event: 9.540 Thread 0x0000028c456a6000 DEOPT UNPACKING pc=0x0000028c27fc85af sp=0x0000009ac3ffaf70 mode 2
Event: 9.588 Thread 0x0000028c456a6000 Uncommon trap: trap_request=0xffffff4d fr.pc=0x0000028c2fee0820 relative=0x0000000000000160
Event: 9.588 Thread 0x0000028c456a6000 Uncommon trap: reason=unstable_if action=reinterpret pc=0x0000028c2fee0820 method=java.lang.reflect.Method.equals(Ljava/lang/Object;)Z @ 1 c2
Event: 9.588 Thread 0x0000028c456a6000 DEOPT PACKING pc=0x0000028c2fee0820 sp=0x0000009ac3ffda40
Event: 9.588 Thread 0x0000028c456a6000 DEOPT UNPACKING pc=0x0000028c27fc85af sp=0x0000009ac3ffd9d8 mode 2
Event: 9.746 Thread 0x0000028c456a6000 DEOPT PACKING pc=0x0000028c28fdc4fc sp=0x0000009ac3ffae40
Event: 9.746 Thread 0x0000028c456a6000 DEOPT UNPACKING pc=0x0000028c28009d0e sp=0x0000009ac3ffa3e0 mode 0

Classes redefined (0 events):
No events

Internal exceptions (20 events):
Event: 9.083 Thread 0x0000028c456a6000 Exception <a 'java/lang/ClassNotFoundException'{0x0000000711910780}: org/springframework/beans/factory/BeanFactoryAwareCustomizer> (0x0000000711910780) thrown at [./src/hotspot/share/classfile/systemDictionary.cpp, line 231]
Event: 9.084 Thread 0x0000028c456a6000 Exception <a 'java/lang/ClassNotFoundException'{0x0000000711928d70}: org/springframework/beans/factory/AwareCustomizer> (0x0000000711928d70) thrown at [./src/hotspot/share/classfile/systemDictionary.cpp, line 231]
Event: 9.084 Thread 0x0000028c456a6000 Exception <a 'java/lang/ClassNotFoundException'{0x00000007119431b0}: org/springframework/aop/framework/AopInfrastructureBeanCustomizer> (0x00000007119431b0) thrown at [./src/hotspot/share/classfile/systemDictionary.cpp, line 231]
Event: 9.182 Thread 0x0000028c456a6000 Exception <a 'java/lang/NoSuchMethodError'{0x000000071102e4b8}: 'java.lang.Object java.lang.invoke.DirectMethodHandle$Holder.newInvokeSpecial(java.lang.Object, long)'> (0x000000071102e4b8) thrown at [./src/hotspot/share/interpreter/linkResolver.cpp, line 773]
Event: 9.339 Thread 0x0000028c456a6000 Exception <a 'java/lang/IncompatibleClassChangeError'{0x000000070fc9b078}: Found class java.lang.Object, but interface was expected> (0x000000070fc9b078) thrown at [./src/hotspot/share/interpreter/linkResolver.cpp, line 839]
Event: 9.347 Thread 0x0000028c456a6000 Exception <a 'java/lang/NoSuchMethodError'{0x000000070fb3c418}: 'void java.lang.invoke.DirectMethodHandle$Holder.invokeSpecial(java.lang.Object, java.lang.Object, java.lang.Object, java.lang.Object, java.lang.Object, java.lang.Object, java.lang.Object)'> (0x000000070fb3c418) thrown at [./src/hotspot/share/interpreter/linkResolver.cpp, line 773]
Event: 9.581 Thread 0x0000028c456a6000 Exception <a 'java/lang/ClassNotFoundException'{0x000000070dd8f880}: java/lang/ObjectCustomizer> (0x000000070dd8f880) thrown at [./src/hotspot/share/classfile/systemDictionary.cpp, line 231]
Event: 9.582 Thread 0x0000028c456a6000 Exception <a 'java/lang/ClassNotFoundException'{0x000000070ddafac8}: org/springframework/web/servlet/config/annotation/WebMvcConfigurationSupportCustomizer> (0x000000070ddafac8) thrown at [./src/hotspot/share/classfile/systemDictionary.cpp, line 231]
Event: 9.583 Thread 0x0000028c456a6000 Exception <a 'java/lang/ClassNotFoundException'{0x000000070dddc2b8}: org/springframework/web/servlet/config/annotation/DelegatingWebMvcConfigurationCustomizer> (0x000000070dddc2b8) thrown at [./src/hotspot/share/classfile/systemDictionary.cpp, line 231]
Event: 9.583 Thread 0x0000028c456a6000 Exception <a 'java/lang/ClassNotFoundException'{0x000000070dc02848}: org/springframework/boot/autoconfigure/web/servlet/WebMvcAutoConfiguration$EnableWebMvcConfigurationCustomizer> (0x000000070dc02848) thrown at [./src/hotspot/share/classfile/systemDictionary.cpp, line 231]
Event: 9.584 Thread 0x0000028c456a6000 Exception <a 'java/lang/ClassNotFoundException'{0x000000070dc27fb0}: org/springframework/context/ResourceLoaderAwareCustomizer> (0x000000070dc27fb0) thrown at [./src/hotspot/share/classfile/systemDictionary.cpp, line 231]
Event: 9.585 Thread 0x0000028c456a6000 Exception <a 'java/lang/ClassNotFoundException'{0x000000070dc3e068}: org/springframework/beans/factory/AwareCustomizer> (0x000000070dc3e068) thrown at [./src/hotspot/share/classfile/systemDictionary.cpp, line 231]
Event: 9.586 Thread 0x0000028c456a6000 Exception <a 'java/lang/ClassNotFoundException'{0x000000070dc55f50}: org/springframework/context/ApplicationContextAwareCustomizer> (0x000000070dc55f50) thrown at [./src/hotspot/share/classfile/systemDictionary.cpp, line 231]
Event: 9.586 Thread 0x0000028c456a6000 Exception <a 'java/lang/ClassNotFoundException'{0x000000070dc6c998}: org/springframework/beans/factory/AwareCustomizer> (0x000000070dc6c998) thrown at [./src/hotspot/share/classfile/systemDictionary.cpp, line 231]
Event: 9.586 Thread 0x0000028c456a6000 Exception <a 'java/lang/ClassNotFoundException'{0x000000070dc84ae8}: org/springframework/web/context/ServletContextAwareCustomizer> (0x000000070dc84ae8) thrown at [./src/hotspot/share/classfile/systemDictionary.cpp, line 231]
Event: 9.587 Thread 0x0000028c456a6000 Exception <a 'java/lang/ClassNotFoundException'{0x000000070dc9b008}: org/springframework/beans/factory/AwareCustomizer> (0x000000070dc9b008) thrown at [./src/hotspot/share/classfile/systemDictionary.cpp, line 231]
Event: 9.588 Thread 0x0000028c456a6000 Implicit null exception at 0x0000028c2fee06ec to 0x0000028c2fee080c
Event: 9.633 Thread 0x0000028c456a6000 Exception <a 'java/lang/NoSuchMethodError'{0x000000070d60b6d0}: 'void java.lang.invoke.DirectMethodHandle$Holder.invokeVirtual(java.lang.Object, java.lang.Object, java.lang.Object, java.lang.Object)'> (0x000000070d60b6d0) thrown at [./src/hotspot/share/interpreter/linkResolver.cpp, line 773]
Event: 9.773 Thread 0x0000028c456a6000 Exception <a 'java/lang/NoSuchMethodError'{0x000000070ca05490}: 'void java.lang.invoke.DirectMethodHandle$Holder.invokeVirtual(java.lang.Object, java.lang.Object, long)'> (0x000000070ca05490) thrown at [./src/hotspot/share/interpreter/linkResolver.cpp, line 773]
Event: 9.900 Thread 0x0000028c456a6000 Exception <a 'java/lang/NoSuchMethodError'{0x000000070c2a6968}: 'java.lang.Object java.lang.invoke.DirectMethodHandle$Holder.newInvokeSpecial(java.lang.Object, java.lang.Object, java.lang.Object, java.lang.Object, java.lang.Object)'> (0x000000070c2a6968) thrown at [./src/hotspot/share/interpreter/linkResolver.cpp, line 773]

Events (20 events):
Event: 9.933 loading class org/springframework/boot/autoconfigure/web/servlet/WebMvcAutoConfiguration$WelcomePageHandlerMappingFactory done
Event: 9.935 loading class freemarker/template/Configuration
Event: 9.935 loading class freemarker/template/Configuration done
Event: 9.935 loading class freemarker/template$Configuration
Event: 9.935 loading class freemarker/template$Configuration done
Event: 9.936 loading class com/samskivert/mustache/Template
Event: 9.936 loading class com/samskivert/mustache/Template done
Event: 9.936 loading class com/samskivert/mustache$Template
Event: 9.936 loading class com/samskivert/mustache$Template done
Event: 9.936 loading class groovy/text/TemplateEngine
Event: 9.936 loading class groovy/text/TemplateEngine done
Event: 9.936 loading class groovy/text$TemplateEngine
Event: 9.936 loading class groovy/text$TemplateEngine done
Event: 9.936 loading class org/thymeleaf/spring5/SpringTemplateEngine
Event: 9.936 loading class org/thymeleaf/spring5/SpringTemplateEngine done
Event: 9.937 loading class org/thymeleaf/spring5$SpringTemplateEngine
Event: 9.937 loading class org/thymeleaf/spring5$SpringTemplateEngine done
Event: 9.937 loading class org/apache/jasper/compiler/JspConfig
Event: 9.937 loading class org/apache/jasper/compiler/JspConfig done
Event: 9.937 Executing VM operation: G1CollectForAllocation


Dynamic libraries:
0x00007ff7ba990000 - 0x00007ff7ba99d000 	C:\Users\pragauta3\.jdks\corretto-11.0.13\bin\java.exe
0x00007ffe39130000 - 0x00007ffe39328000 	C:\WINDOWS\SYSTEM32\ntdll.dll
0x00007ffe37a70000 - 0x00007ffe37b2f000 	C:\WINDOWS\System32\KERNEL32.DLL
0x00007ffe36810000 - 0x00007ffe36b06000 	C:\WINDOWS\System32\KERNELBASE.dll
0x00007ffe36cd0000 - 0x00007ffe36dd0000 	C:\WINDOWS\System32\ucrtbase.dll
0x00007ffe330e0000 - 0x00007ffe330f7000 	C:\Users\pragauta3\.jdks\corretto-11.0.13\bin\jli.dll
0x00007ffe381a0000 - 0x00007ffe3833d000 	C:\WINDOWS\System32\USER32.dll
0x00007ffe37160000 - 0x00007ffe37182000 	C:\WINDOWS\System32\win32u.dll
0x00007ffe37470000 - 0x00007ffe3749c000 	C:\WINDOWS\System32\GDI32.dll
0x00007ffe36b10000 - 0x00007ffe36c25000 	C:\WINDOWS\System32\gdi32full.dll
0x00007ffe36c30000 - 0x00007ffe36ccd000 	C:\WINDOWS\System32\msvcp_win.dll
0x00007ffe29490000 - 0x00007ffe294a9000 	C:\Users\pragauta3\.jdks\corretto-11.0.13\bin\VCRUNTIME140.dll
0x00007ffe1dda0000 - 0x00007ffe1e03a000 	C:\WINDOWS\WinSxS\amd64_microsoft.windows.common-controls_6595b64144ccf1df_6.0.19041.1110_none_60b5254171f9507e\COMCTL32.dll
0x00007ffe374a0000 - 0x00007ffe3753e000 	C:\WINDOWS\System32\msvcrt.dll
0x00007ffe38b90000 - 0x00007ffe38bc0000 	C:\WINDOWS\System32\IMM32.DLL
0x00007ffe16d70000 - 0x00007ffe16ed3000 	C:\Program Files (x86)\Citrix\ICA Client\epclient64.dll
0x00007ffe370a0000 - 0x00007ffe370c7000 	C:\WINDOWS\System32\bcrypt.dll
0x00007ffe375f0000 - 0x00007ffe37944000 	C:\WINDOWS\System32\combase.dll
0x00007ffe38fc0000 - 0x00007ffe390e6000 	C:\WINDOWS\System32\RPCRT4.dll
0x00007ffe353d0000 - 0x00007ffe353da000 	C:\WINDOWS\SYSTEM32\VERSION.dll
0x00007ffe37540000 - 0x00007ffe375ef000 	C:\WINDOWS\System32\ADVAPI32.dll
0x00007ffe37b30000 - 0x00007ffe37bcc000 	C:\WINDOWS\System32\sechost.dll
0x00007ffe35900000 - 0x00007ffe35933000 	C:\WINDOWS\SYSTEM32\ntmarta.dll
0x00007ffe370d0000 - 0x00007ffe37152000 	C:\WINDOWS\System32\bcryptprimitives.dll
0x00007ffe35330000 - 0x00007ffe35342000 	C:\WINDOWS\SYSTEM32\kernel.appcore.dll
0x0000028c1d730000 - 0x0000028c1d744000 	C:\WINDOWS\System32\umppc17312.dll
0x00007ffdfd5c0000 - 0x00007ffdfd65b000 	C:\Users\pragauta3\.jdks\corretto-11.0.13\bin\msvcp140.dll
0x00007ffd5be40000 - 0x00007ffd5c9bf000 	C:\Users\pragauta3\.jdks\corretto-11.0.13\bin\server\jvm.dll
0x0000028c1d700000 - 0x0000028c1d708000 	C:\WINDOWS\System32\PSAPI.DLL
0x00007ffdd7d90000 - 0x00007ffdd7d99000 	C:\WINDOWS\SYSTEM32\WSOCK32.dll
0x00007ffe38c70000 - 0x00007ffe38cdb000 	C:\WINDOWS\System32\WS2_32.dll
0x00007ffe13610000 - 0x00007ffe13637000 	C:\WINDOWS\SYSTEM32\WINMM.dll
0x00007ffe300a0000 - 0x00007ffe300b0000 	C:\Users\pragauta3\.jdks\corretto-11.0.13\bin\verify.dll
0x00007ffe34750000 - 0x00007ffe34934000 	C:\WINDOWS\SYSTEM32\DBGHELP.DLL
0x00007ffe15c90000 - 0x00007ffe15cc4000 	C:\WINDOWS\SYSTEM32\dbgcore.DLL
0x00007ffe0aa50000 - 0x00007ffe0aa78000 	C:\Users\pragauta3\.jdks\corretto-11.0.13\bin\java.dll
0x00007ffe30080000 - 0x00007ffe3008a000 	C:\Users\pragauta3\.jdks\corretto-11.0.13\bin\jimage.dll
0x00007ffe2e4c0000 - 0x00007ffe2e4ce000 	C:\Users\pragauta3\.jdks\corretto-11.0.13\bin\instrument.dll
0x00007ffe1daf0000 - 0x00007ffe1db07000 	C:\Users\pragauta3\.jdks\corretto-11.0.13\bin\zip.dll
0x0000028c43fd0000 - 0x0000028c44714000 	C:\WINDOWS\System32\SHELL32.dll
0x00007ffe33ee0000 - 0x00007ffe34673000 	C:\WINDOWS\SYSTEM32\windows.storage.dll
0x00007ffe36110000 - 0x00007ffe3613e000 	C:\WINDOWS\SYSTEM32\Wldp.dll
0x00007ffe380f0000 - 0x00007ffe3819d000 	C:\WINDOWS\System32\SHCORE.dll
0x0000028c1f7a0000 - 0x0000028c1f7f5000 	C:\WINDOWS\System32\shlwapi.dll
0x00007ffe36750000 - 0x00007ffe3676f000 	C:\WINDOWS\SYSTEM32\profapi.dll
0x00007ffe1d300000 - 0x00007ffe1d319000 	C:\Users\pragauta3\.jdks\corretto-11.0.13\bin\net.dll
0x00007ffe35740000 - 0x00007ffe3584a000 	C:\WINDOWS\SYSTEM32\WINHTTP.dll
0x00007ffe35e80000 - 0x00007ffe35eea000 	C:\WINDOWS\system32\mswsock.dll
0x00007ffe1d280000 - 0x00007ffe1d292000 	C:\Users\pragauta3\.jdks\corretto-11.0.13\bin\nio.dll
0x00007ffe27730000 - 0x00007ffe2774a000 	C:\Program Files\JetBrains\IntelliJ IDEA Community Edition 2021.2.3\bin\breakgen64.dll
0x00007ffe25f30000 - 0x00007ffe25f39000 	C:\Users\pragauta3\.jdks\corretto-11.0.13\bin\management.dll
0x00007ffe21630000 - 0x00007ffe2163b000 	C:\Users\pragauta3\.jdks\corretto-11.0.13\bin\management_ext.dll
0x00007ffe35b90000 - 0x00007ffe35bcc000 	C:\WINDOWS\SYSTEM32\IPHLPAPI.DLL
0x00007ffe380e0000 - 0x00007ffe380e8000 	C:\WINDOWS\System32\NSI.dll
0x00007ffe2ec90000 - 0x00007ffe2eca7000 	C:\WINDOWS\SYSTEM32\dhcpcsvc6.DLL
0x00007ffe29fd0000 - 0x00007ffe29fed000 	C:\WINDOWS\SYSTEM32\dhcpcsvc.DLL
0x00007ffe35bd0000 - 0x00007ffe35c9a000 	C:\WINDOWS\SYSTEM32\DNSAPI.dll
0x00007ffe135f0000 - 0x00007ffe13607000 	C:\WINDOWS\system32\napinsp.dll
0x00007ffe135d0000 - 0x00007ffe135eb000 	C:\WINDOWS\system32\pnrpnsp.dll
0x00007ffe30760000 - 0x00007ffe30775000 	C:\WINDOWS\system32\wshbth.dll
0x00007ffe32de0000 - 0x00007ffe32dfd000 	C:\WINDOWS\system32\NLAapi.dll
0x00007ffe15c50000 - 0x00007ffe15c62000 	C:\WINDOWS\System32\winrnr.dll
0x00007ffe2eef0000 - 0x00007ffe2eefa000 	C:\Windows\System32\rasadhlp.dll
0x00007ffe2f0c0000 - 0x00007ffe2f142000 	C:\WINDOWS\System32\fwpuclnt.dll
0x00007ffe36150000 - 0x00007ffe36168000 	C:\WINDOWS\SYSTEM32\CRYPTSP.dll
0x00007ffe356b0000 - 0x00007ffe356e4000 	C:\WINDOWS\system32\rsaenh.dll
0x00007ffe366d0000 - 0x00007ffe366fe000 	C:\WINDOWS\SYSTEM32\USERENV.dll
0x00007ffe36080000 - 0x00007ffe3608c000 	C:\WINDOWS\SYSTEM32\CRYPTBASE.dll
0x00007ffe32d80000 - 0x00007ffe32d8e000 	C:\Users\pragauta3\.jdks\corretto-11.0.13\bin\sunmscapi.dll
0x00007ffe36e80000 - 0x00007ffe36fde000 	C:\WINDOWS\System32\CRYPT32.dll
0x00007ffe362d0000 - 0x00007ffe362f8000 	C:\WINDOWS\SYSTEM32\ncrypt.dll
0x00007ffe36290000 - 0x00007ffe362cb000 	C:\WINDOWS\SYSTEM32\NTASN1.dll
0x00007ffe11fe0000 - 0x00007ffe12005000 	C:\Users\pragauta3\.jdks\corretto-11.0.13\bin\sunec.dll

dbghelp: loaded successfully - version: 4.0.5 - missing functions: none
symbol engine: initialized successfully - sym options: 0x614 - pdb path: .;C:\Users\pragauta3\.jdks\corretto-11.0.13\bin;C:\WINDOWS\SYSTEM32;C:\WINDOWS\WinSxS\amd64_microsoft.windows.common-controls_6595b64144ccf1df_6.0.19041.1110_none_60b5254171f9507e;C:\Program Files (x86)\Citrix\ICA Client;C:\Users\pragauta3\.jdks\corretto-11.0.13\bin\server;C:\Program Files\JetBrains\IntelliJ IDEA Community Edition 2021.2.3\bin

VM Arguments:
jvm_args: -javaagent:C:\Program Files\JetBrains\IntelliJ IDEA Community Edition 2021.2.3\lib\idea_rt.jar=49984:C:\Program Files\JetBrains\IntelliJ IDEA Community Edition 2021.2.3\bin -Dfile.encoding=UTF-8 
java_command: com.publicissapient.kpidashboard.microserviceapp.MicroserviceAppApplication
java_class_path (initial): C:\Users\pragauta3\ps-opensource\microservice-structure\microservice-app\microservice-app\target\classes;C:\Users\pragauta3\.m2\repository\org\springframework\boot\spring-boot-starter-web\2.7.16\spring-boot-starter-web-2.7.16.jar;C:\Users\pragauta3\.m2\repository\org\springframework\boot\spring-boot-starter\2.7.16\spring-boot-starter-2.7.16.jar;C:\Users\pragauta3\.m2\repository\org\springframework\boot\spring-boot-starter-logging\2.7.16\spring-boot-starter-logging-2.7.16.jar;C:\Users\pragauta3\.m2\repository\ch\qos\logback\logback-classic\1.2.12\logback-classic-1.2.12.jar;C:\Users\pragauta3\.m2\repository\ch\qos\logback\logback-core\1.2.12\logback-core-1.2.12.jar;C:\Users\pragauta3\.m2\repository\org\apache\logging\log4j\log4j-to-slf4j\2.17.2\log4j-to-slf4j-2.17.2.jar;C:\Users\pragauta3\.m2\repository\org\apache\logging\log4j\log4j-api\2.17.2\log4j-api-2.17.2.jar;C:\Users\pragauta3\.m2\repository\org\slf4j\jul-to-slf4j\1.7.36\jul-to-slf4j-1.7.36.jar;C:\Users\pragauta3\.m2\repository\jakarta\annotation\jakarta.annotation-api\1.3.5\jakarta.annotation-api-1.3.5.jar;C:\Users\pragauta3\.m2\repository\org\yaml\snakeyaml\1.30\snakeyaml-1.30.jar;C:\Users\pragauta3\.m2\repository\org\springframework\boot\spring-boot-starter-json\2.7.16\spring-boot-starter-json-2.7.16.jar;C:\Users\pragauta3\.m2\repository\com\fasterxml\jackson\datatype\jackson-datatype-jdk8\2.13.5\jackson-datatype-jdk8-2.13.5.jar;C:\Users\pragauta3\.m2\repository\com\fasterxml\jackson\datatype\jackson-datatype-jsr310\2.13.5\jackson-datatype-jsr310-2.13.5.jar;C:\Users\pragauta3\.m2\repository\com\fasterxml\jackson\module\jackson-module-parameter-names\2.13.5\jackson-module-parameter-names-2.13.5.jar;C:\Users\pragauta3\.m2\repository\org\springframework\boot\spring-boot-starter-tomcat\2.7.16\spring-boot-starter-tomcat-2.7.16.jar;C:\Users\pragauta3\.m2\repository\org\apache\tomcat\embed\tomcat-embed-core\9.0.80\tomcat-embed-core-9.0.80.jar;C:\Users\pragauta3\.m2\repository\org\apache
Launcher Type: SUN_STANDARD

[Global flags]
     intx CICompilerCount                          = 4                                         {product} {ergonomic}
     uint ConcGCThreads                            = 2                                         {product} {ergonomic}
     uint G1ConcRefinementThreads                  = 8                                         {product} {ergonomic}
   size_t G1HeapRegionSize                         = 1048576                                   {product} {ergonomic}
    uintx GCDrainStackTargetSize                   = 64                                        {product} {ergonomic}
   size_t InitialHeapSize                          = 264241152                                 {product} {ergonomic}
   size_t MarkStackSize                            = 4194304                                   {product} {ergonomic}
   size_t MaxHeapSize                              = 4213178368                                {product} {ergonomic}
   size_t MaxNewSize                               = 2527068160                                {product} {ergonomic}
   size_t MinHeapDeltaBytes                        = 1048576                                   {product} {ergonomic}
    uintx NonNMethodCodeHeapSize                   = 5836300                                {pd product} {ergonomic}
    uintx NonProfiledCodeHeapSize                  = 122910970                              {pd product} {ergonomic}
    uintx ProfiledCodeHeapSize                     = 122910970                              {pd product} {ergonomic}
    uintx ReservedCodeCacheSize                    = 251658240                              {pd product} {ergonomic}
     bool SegmentedCodeCache                       = true                                      {product} {ergonomic}
     bool UseCompressedClassPointers               = true                                 {lp64_product} {ergonomic}
     bool UseCompressedOops                        = true                                 {lp64_product} {ergonomic}
     bool UseG1GC                                  = true                                      {product} {ergonomic}
     bool UseLargePagesIndividualAllocation        = false                                  {pd product} {ergonomic}

Logging:
Log output configuration:
 #0: stdout all=warning uptime,level,tags
 #1: stderr all=off uptime,level,tags

Environment Variables:
JAVA_HOME=C:\Program Files\Java\jdk1.8.0_311
PATH=C:\Program Files (x86)\Microsoft SDKs\Azure\CLI2\wbin;C:\Program Files\Common Files\Oracle\Java\javapath;C:\Program Files (x86)\Common Files\Oracle\Java\javapath;C:\WINDOWS\system32;C:\WINDOWS;C:\WINDOWS\System32\Wbem;C:\WINDOWS\System32\WindowsPowerShell\v1.0\;C:\WINDOWS\System32\OpenSSH\;C:\Program Files\PuTTY\;C:\Program Files\apache-maven-3.8.3\bin;C:\Program Files\Java\jdk1.8.0_311\bin;C:\Users\pragauta3\minikube;C:\Users\pragauta3\Downloads\terraform_1.1.4_windows_amd64;C:\Program Files\Amazon\AWSCLIV2\;C:\Program Files\Amazon\AWSSAMCLI\bin\;C:\Program Files\dotnet\;C:\Program Files\WindowsPowerShell\Scripts\HP.ClientScriptLibrary;C:\Program Files (x86)\Box\Box Edit\;C:\Program Files\nodejs\;C:\Program Files\MongoDB\Server\5\bin;C:\Program Files\Docker\Docker\resources\bin;C:\Program Files\Git\cmd;C:\Program Files\TortoiseGit\bin;C:\Program Files\OpenSSL-Win64\bin;C:\Users\pragauta3\scripts;C:\Users\pragauta3\AppData\Local\Programs\Microsoft VS Code\bin;
USERNAME=pragauta3
OS=Windows_NT
PROCESSOR_IDENTIFIER=Intel64 Family 6 Model 140 Stepping 1, GenuineIntel



---------------  S Y S T E M  ---------------

OS: Windows 10 , 64 bit Build 19041 (10.0.19041.3031)
OS uptime: 10 days 21:15 hours
Hyper-V role detected

CPU:total 8 (initial active 8) (4 cores per cpu, 2 threads per core) family 6 model 140 stepping 1 microcode 0x8a, cmov, cx8, fxsr, mmx, sse, sse2, sse3, ssse3, sse4.1, sse4.2, popcnt, avx, avx2, aes, clmul, erms, 3dnowpref, lzcnt, ht, tsc, tscinvbit, bmi1, bmi2, adx, evex, sha, fma

Memory: 4k page, system-wide physical 16064M (537M free)
TotalPageFile size 46471M (AvailPageFile size 37M)
current process WorkingSet (physical memory assigned to process): 402M, peak: 417M
current process commit charge ("private bytes"): 510M, peak: 564M

vm_info: OpenJDK 64-Bit Server VM (11.0.13+8-LTS) for windows-amd64 JRE (11.0.13+8-LTS), built on Oct 13 2021 21:32:06 by "Administrator" with unknown MS VC++:1916

END.
